<?xml version="1.0" encoding="UTF-8"?>
<!-- Generated by org.testng.reporters.JUnitReportReporter -->
<testsuite skipped="0" hostname="LAPTOP-B3RPHCVQ" name="com.UdemyAssignment.MavenLearningWithSelenium.browser" tests="1" failures="0" timestamp="2020-03-25T18:41:30 CDT" time="16.505" errors="0">
  <testcase name="openBrowser" time="16.505" classname="com.UdemyAssignment.MavenLearningWithSelenium.browser"/>
</testsuite> <!-- com.UdemyAssignment.MavenLearningWithSelenium.browser -->
