<?xml version="1.0" encoding="UTF-8"?>
<!-- Generated by org.testng.reporters.JUnitReportReporter -->
<testsuite skipped="0" hostname="LAPTOP-B3RPHCVQ" name="com.UdemyAssignment.MavenLearningWithSelenium.mouseHoverAction" tests="1" failures="0" timestamp="2020-03-25T23:15:34 CDT" time="16.512" errors="0">
  <testcase name="mouseHover" time="16.512" classname="com.UdemyAssignment.MavenLearningWithSelenium.mouseHoverAction"/>
</testsuite> <!-- com.UdemyAssignment.MavenLearningWithSelenium.mouseHoverAction -->
